<?xml version="1.0" encoding="UTF-8"?>
<!-- Generated by org.testng.reporters.JUnitXMLReporter -->
<testsuite hostname="DESKTOP-CVGVGU4" ignored="0" name="Default test" tests="4" failures="0" timestamp="06 Jul 2017 22:24:22 GMT" time="46.213" errors="0">
  <testcase name="loginToAmazon" time="12.026" classname="DDTest.LoginTest"/>
  <testcase name="loginToAmazon" time="10.884" classname="DDTest.LoginTest"/>
  <testcase name="loginToAmazon" time="12.015" classname="DDTest.LoginTest"/>
  <testcase name="loginToAmazon" time="10.646" classname="DDTest.LoginTest"/>
</testsuite> <!-- Default test -->
