<?xml version="1.0" encoding="UTF-8"?>
<testng-results skipped="0" failed="0" ignored="0" total="4" passed="4">
  <reporter-output>
  </reporter-output>
  <suite name="Default suite" duration-ms="46213" started-at="2017-07-06T22:23:36Z" finished-at="2017-07-06T22:24:22Z">
    <groups>
    </groups>
    <test name="Default test" duration-ms="46213" started-at="2017-07-06T22:23:36Z" finished-at="2017-07-06T22:24:22Z">
      <class name="DDTest.LoginTest">
        <test-method status="PASS" signature="loginToAmazon(java.lang.String, java.lang.String)[pri:0, instance:DDTest.LoginTest@42d80b78]" name="loginToAmazon" duration-ms="12026" started-at="2017-07-06T18:23:36Z" data-provider="getdata" finished-at="2017-07-06T18:23:48Z">
          <params>
            <param index="0">
              <value>
                <![CDATA[a@gmail.com]]>
              </value>
            </param>
            <param index="1">
              <value>
                <![CDATA[123abc]]>
              </value>
            </param>
          </params>
          <reporter-output>
          </reporter-output>
        </test-method> <!-- loginToAmazon -->
        <test-method status="PASS" signature="loginToAmazon(java.lang.String, java.lang.String)[pri:0, instance:DDTest.LoginTest@42d80b78]" name="loginToAmazon" duration-ms="10884" started-at="2017-07-06T18:23:48Z" data-provider="getdata" finished-at="2017-07-06T18:23:59Z">
          <params>
            <param index="0">
              <value>
                <![CDATA[b@gmail.com]]>
              </value>
            </param>
            <param index="1">
              <value>
                <![CDATA[1234abc]]>
              </value>
            </param>
          </params>
          <reporter-output>
          </reporter-output>
        </test-method> <!-- loginToAmazon -->
        <test-method status="PASS" signature="loginToAmazon(java.lang.String, java.lang.String)[pri:0, instance:DDTest.LoginTest@42d80b78]" name="loginToAmazon" duration-ms="12015" started-at="2017-07-06T18:23:59Z" data-provider="getdata" finished-at="2017-07-06T18:24:11Z">
          <params>
            <param index="0">
              <value>
                <![CDATA[c@gmail.com]]>
              </value>
            </param>
            <param index="1">
              <value>
                <![CDATA[12345abc]]>
              </value>
            </param>
          </params>
          <reporter-output>
          </reporter-output>
        </test-method> <!-- loginToAmazon -->
        <test-method status="PASS" signature="loginToAmazon(java.lang.String, java.lang.String)[pri:0, instance:DDTest.LoginTest@42d80b78]" name="loginToAmazon" duration-ms="10646" started-at="2017-07-06T18:24:11Z" data-provider="getdata" finished-at="2017-07-06T18:24:22Z">
          <params>
            <param index="0">
              <value>
                <![CDATA[shoel@gmail.com]]>
              </value>
            </param>
            <param index="1">
              <value>
                <![CDATA[2233ddd]]>
              </value>
            </param>
          </params>
          <reporter-output>
          </reporter-output>
        </test-method> <!-- loginToAmazon -->
      </class> <!-- DDTest.LoginTest -->
    </test> <!-- Default test -->
  </suite> <!-- Default suite -->
</testng-results>
